TN:
SF:lib/api/posts_repository.dart
FNF:0
FNH:0
DA:5,2
DA:6,3
DA:11,1
DA:13,1
DA:15,2
DA:16,1
DA:17,1
DA:22,3
DA:23,1
DA:24,1
DA:25,1
DA:26,3
DA:33,0
LF:13
LH:12
end_of_record
TN:
SF:lib/extra_screen.dart
FNF:0
FNH:0
DA:8,2
DA:10,2
DA:11,2
DA:15,3
DA:17,2
DA:19,2
DA:20,2
DA:24,2
DA:25,2
DA:27,2
DA:28,2
DA:29,2
DA:31,2
DA:33,2
DA:34,2
DA:36,1
DA:37,3
DA:40,2
DA:42,0
DA:43,0
DA:49,2
DA:50,0
DA:51,0
DA:52,0
DA:57,0
DA:58,0
DA:65,2
DA:66,2
DA:72,2
DA:73,0
DA:75,0
DA:76,0
DA:77,0
DA:78,0
DA:80,0
DA:81,0
DA:82,0
DA:83,0
DA:84,0
DA:92,2
DA:93,2
DA:94,2
DA:95,0
DA:96,0
DA:97,0
DA:100,2
DA:101,2
DA:102,2
DA:104,2
DA:105,2
DA:106,0
LF:51
LH:30
end_of_record
TN:
SF:lib/main.dart
FNF:0
FNH:0
DA:9,0
DA:10,0
DA:14,2
DA:16,1
DA:18,1
DA:20,1
DA:29,1
DA:33,1
DA:34,1
DA:40,1
DA:41,2
DA:42,2
DA:46,1
DA:48,1
DA:49,1
DA:50,3
DA:52,1
DA:53,1
DA:56,1
DA:61,1
DA:62,2
DA:64,3
DA:66,1
DA:67,2
DA:69,1
DA:70,2
DA:71,1
DA:72,1
DA:73,2
DA:74,1
DA:77,1
DA:78,2
DA:90,1
DA:91,1
LF:34
LH:32
end_of_record
TN:
SF:lib/posts_bloc/posts_bloc.dart
FNF:0
FNH:0
DA:13,6
DA:14,3
DA:15,2
DA:16,2
DA:17,4
DA:18,2
LF:6
LH:6
end_of_record
TN:
SF:lib/posts_bloc/posts_event.dart
FNF:0
FNH:0
DA:5,0
DA:6,0
DA:12,2
DA:14,1
DA:15,2
LF:5
LH:3
end_of_record
TN:
SF:lib/posts_bloc/posts_state.dart
FNF:0
FNH:0
DA:5,1
DA:6,1
DA:10,2
DA:11,2
DA:19,1
DA:21,1
DA:22,2
LF:7
LH:7
end_of_record
TN:
SF:lib/text_field_bloc/text_field_bloc.dart
FNF:0
FNH:0
DA:9,3
DA:10,1
DA:11,0
LF:3
LH:2
end_of_record
TN:
SF:lib/text_field_bloc/text_field_event.dart
FNF:0
FNH:0
DA:5,0
DA:6,0
DA:10,0
DA:13,0
DA:14,0
LF:5
LH:0
end_of_record
TN:
SF:lib/text_field_bloc/text_field_state.dart
FNF:0
FNH:0
DA:7,0
DA:8,0
DA:14,0
DA:15,0
DA:16,0
LF:5
LH:0
end_of_record
